<?xml version="1.0" encoding="UTF-8"?>
<testng-results ignored="0" total="0" passed="0" failed="0" skipped="0">
  <reporter-output>
  </reporter-output>
  <suite started-at="2023-07-25T21:33:36 IST" name="Default suite" finished-at="2023-07-25T21:33:41 IST" duration-ms="4805">
    <groups>
      <group name="cucumber">
        <method signature="AbstractTestNGCucumberTests.runScenario(io.cucumber.testng.PickleWrapper,io.cucumber.testng.FeatureWrapper)[pri:0, instance:runner.RerunRunner@4c402120]" name="runScenario" class="io.cucumber.testng.AbstractTestNGCucumberTests"/>
      </group> <!-- cucumber -->
    </groups>
    <test started-at="2023-07-25T21:33:36 IST" name="Default test" finished-at="2023-07-25T21:33:41 IST" duration-ms="4805">
      <class name="runner.RerunRunner">
        <test-method is-config="true" signature="setUpClass(org.testng.ITestContext)[pri:0, instance:runner.RerunRunner@4c402120]" started-at="2023-07-25T21:33:36 IST" name="setUpClass" finished-at="2023-07-25T21:33:37 IST" duration-ms="819" status="PASS">
          <params>
            <param index="0">
              <value>
                <![CDATA[org.testng.TestRunner@5e63cad]]>
              </value>
            </param>
          </params>
          <reporter-output>
          </reporter-output>
        </test-method> <!-- setUpClass -->
        <test-method is-config="true" signature="tearDownClass()[pri:0, instance:runner.RerunRunner@4c402120]" started-at="2023-07-25T21:33:37 IST" name="tearDownClass" finished-at="2023-07-25T21:33:41 IST" duration-ms="3926" status="PASS">
          <reporter-output>
          </reporter-output>
        </test-method> <!-- tearDownClass -->
      </class> <!-- runner.RerunRunner -->
    </test> <!-- Default test -->
  </suite> <!-- Default suite -->
</testng-results>
